<?xml version="1.0" encoding="UTF-8"?>
<!-- Generated by org.testng.reporters.JUnitXMLReporter -->
<testsuite ignored="2" hostname="DESKTOP-52D0HCV" failures="0" tests="1" name="Default test" time="60.112" errors="0" timestamp="2023-06-18T10:28:48 IST">
  <testcase classname="testCases.AllTestCases" name="verifyCourses" time="59.816"/>
  <testcase classname="testCases.AllTestCases" name="verifyLanguageLearning" time="0.0">
    <ignored/>
  </testcase> <!-- verifyLanguageLearning -->
  <testcase classname="testCases.AllTestCases" name="campusContact" time="0.0">
    <ignored/>
  </testcase> <!-- campusContact -->
</testsuite> <!-- Default test -->
