<?xml version="1.0" encoding="UTF-8"?>
<!-- Generated by org.testng.reporters.JUnitXMLReporter -->
<testsuite ignored="2" hostname="DESKTOP-52D0HCV" failures="0" tests="1" name="Test" time="27.068" errors="0" timestamp="2023-06-18T10:24:44 IST">
  <testcase classname="testCases.AllTestCases" name="verifyCourses" time="26.602"/>
  <testcase classname="testCases.AllTestCases" name="verifyLanguageLearning" time="0.0">
    <ignored/>
  </testcase> <!-- verifyLanguageLearning -->
  <testcase classname="testCases.AllTestCases" name="campusContact" time="0.0">
    <ignored/>
  </testcase> <!-- campusContact -->
</testsuite> <!-- Test -->
