<?xml version="1.0" encoding="UTF-8"?>
<!-- Generated by org.testng.reporters.JUnitXMLReporter -->
<testsuite ignored="0" hostname="DESKTOP-52D0HCV" failures="1" tests="7" name="Test" time="268.711" errors="0" timestamp="2023-06-17T10:41:56 IST">
  <testcase classname="testCases.AllTestCases" name="campusContact" time="70.387">
    <failure type="java.lang.AssertionError" message="expected [Learn More About Coursera for Campus | Coursera] but found [(1) New Messages!]">
      <![CDATA[java.lang.AssertionError: expected [Learn More About Coursera for Campus | Coursera] but found [(1) New Messages!]
at baseClasses.BaseClass.verifyTitle(BaseClass.java:216)
at pageClasses.ContactSalesPage.submitForm(ContactSalesPage.java:133)
at testCases.AllTestCases.campusContact(AllTestCases.java:45)
at java.base/java.util.ArrayList.forEach(ArrayList.java:1511)
... Removed 33 stack frames]]>
    </failure>
  </testcase> <!-- campusContact -->
  <testcase classname="testCases.AllTestCases" name="campusContact" time="64.356"/>
  <testcase classname="testCases.AllTestCases" name="verifyCourses" time="15.669"/>
  <testcase classname="testCases.AllTestCases" name="verifyLanguageLearning" time="33.017"/>
  <testcase classname="testCases.AllTestCases" name="verifyLanguageLearning" time="14.539"/>
  <testcase classname="testCases.AllTestCases" name="verifyLanguageLearning" time="34.422"/>
  <testcase classname="testCases.AllTestCases" name="verifyLanguageLearning" time="33.374"/>
</testsuite> <!-- Test -->
