<?xml version="1.0" encoding="UTF-8"?>
<testng-results ignored="0" total="7" passed="7" failed="0" skipped="0">
  <reporter-output>
  </reporter-output>
  <suite started-at="2023-06-18T10:44:38 IST" name="Default suite" finished-at="2023-06-18T10:48:54 IST" duration-ms="255927">
    <groups>
    </groups>
    <test started-at="2023-06-18T10:44:38 IST" name="Default test" finished-at="2023-06-18T10:48:54 IST" duration-ms="255927">
      <class name="testCases.AllTestCases">
        <test-method is-config="true" signature="invokeProperties()[pri:0, instance:testCases.AllTestCases@223aa2f7]" started-at="2023-06-18T10:44:38 IST" name="invokeProperties" finished-at="2023-06-18T10:44:38 IST" duration-ms="7" status="PASS">
          <reporter-output>
          </reporter-output>
        </test-method> <!-- invokeProperties -->
        <test-method signature="verifyCourses()[pri:0, instance:testCases.AllTestCases@223aa2f7]" started-at="2023-06-18T10:44:38 IST" name="verifyCourses" finished-at="2023-06-18T10:44:58 IST" duration-ms="19613" status="PASS">
          <reporter-output>
          </reporter-output>
        </test-method> <!-- verifyCourses -->
        <test-method is-config="true" signature="quitBrowser()[pri:0, instance:testCases.AllTestCases@223aa2f7]" started-at="2023-06-18T10:44:58 IST" name="quitBrowser" finished-at="2023-06-18T10:44:58 IST" duration-ms="287" status="PASS">
          <reporter-output>
          </reporter-output>
        </test-method> <!-- quitBrowser -->
        <test-method signature="campusContact(java.util.Hashtable)[pri:1, instance:testCases.AllTestCases@223aa2f7]" started-at="2023-06-18T10:45:00 IST" name="campusContact" data-provider="getContactFormData" finished-at="2023-06-18T10:46:04 IST" duration-ms="64744" status="PASS">
          <params>
            <param index="0">
              <value>
                <![CDATA[{state=Uttar Pradesh, discipline=Information Technology, testType=Invalid, country=India, institution=Public University, needs=Learner Support, firstname=Tony, lastname=Stark, phone=919876543210, email=abbb, company=ABC, title=Intern, nextPageTitle=Learn More About Coursera for Campus | Coursera}]]>
              </value>
            </param>
          </params>
          <reporter-output>
          </reporter-output>
        </test-method> <!-- campusContact -->
        <test-method is-config="true" signature="quitBrowser()[pri:0, instance:testCases.AllTestCases@223aa2f7]" started-at="2023-06-18T10:46:04 IST" name="quitBrowser" finished-at="2023-06-18T10:46:05 IST" duration-ms="255" status="PASS">
          <reporter-output>
          </reporter-output>
        </test-method> <!-- quitBrowser -->
        <test-method signature="campusContact(java.util.Hashtable)[pri:1, instance:testCases.AllTestCases@223aa2f7]" started-at="2023-06-18T10:46:05 IST" name="campusContact" data-provider="getContactFormData" finished-at="2023-06-18T10:46:52 IST" duration-ms="47368" status="PASS">
          <params>
            <param index="0">
              <value>
                <![CDATA[{state=Uttar Pradesh, discipline=Information Technology, testType=Valid, country=India, institution=Public University, needs=Learner Support, firstname=Iron, lastname=Man, phone=919988776655, email=admin@stark.com, company=Stark Industries, title=Intern, nextPageTitle=Thank you for your interest in Coursera for Campus | Coursera}]]>
              </value>
            </param>
          </params>
          <reporter-output>
          </reporter-output>
        </test-method> <!-- campusContact -->
        <test-method is-config="true" signature="quitBrowser()[pri:0, instance:testCases.AllTestCases@223aa2f7]" started-at="2023-06-18T10:46:52 IST" name="quitBrowser" finished-at="2023-06-18T10:46:52 IST" duration-ms="310" status="PASS">
          <reporter-output>
          </reporter-output>
        </test-method> <!-- quitBrowser -->
        <test-method signature="verifyLanguageLearning(java.util.Hashtable)[pri:2, instance:testCases.AllTestCases@223aa2f7]" started-at="2023-06-18T10:46:52 IST" name="verifyLanguageLearning" data-provider="getLanguageLearningData" finished-at="2023-06-18T10:47:23 IST" duration-ms="31163" status="PASS">
          <params>
            <param index="0">
              <value>
                <![CDATA[{searchQuery=Language Learning, level=Beginner}]]>
              </value>
            </param>
          </params>
          <reporter-output>
          </reporter-output>
        </test-method> <!-- verifyLanguageLearning -->
        <test-method is-config="true" signature="quitBrowser()[pri:0, instance:testCases.AllTestCases@223aa2f7]" started-at="2023-06-18T10:47:23 IST" name="quitBrowser" finished-at="2023-06-18T10:47:24 IST" duration-ms="247" status="PASS">
          <reporter-output>
          </reporter-output>
        </test-method> <!-- quitBrowser -->
        <test-method signature="verifyLanguageLearning(java.util.Hashtable)[pri:2, instance:testCases.AllTestCases@223aa2f7]" started-at="2023-06-18T10:47:24 IST" name="verifyLanguageLearning" data-provider="getLanguageLearningData" finished-at="2023-06-18T10:47:52 IST" duration-ms="28346" status="PASS">
          <params>
            <param index="0">
              <value>
                <![CDATA[{searchQuery=Language Learning, level=Intermediate}]]>
              </value>
            </param>
          </params>
          <reporter-output>
          </reporter-output>
        </test-method> <!-- verifyLanguageLearning -->
        <test-method is-config="true" signature="quitBrowser()[pri:0, instance:testCases.AllTestCases@223aa2f7]" started-at="2023-06-18T10:47:52 IST" name="quitBrowser" finished-at="2023-06-18T10:47:52 IST" duration-ms="254" status="PASS">
          <reporter-output>
          </reporter-output>
        </test-method> <!-- quitBrowser -->
        <test-method signature="verifyLanguageLearning(java.util.Hashtable)[pri:2, instance:testCases.AllTestCases@223aa2f7]" started-at="2023-06-18T10:47:52 IST" name="verifyLanguageLearning" data-provider="getLanguageLearningData" finished-at="2023-06-18T10:48:34 IST" duration-ms="41332" status="PASS">
          <params>
            <param index="0">
              <value>
                <![CDATA[{searchQuery=Language Learning, level=Advanced}]]>
              </value>
            </param>
          </params>
          <reporter-output>
          </reporter-output>
        </test-method> <!-- verifyLanguageLearning -->
        <test-method is-config="true" signature="quitBrowser()[pri:0, instance:testCases.AllTestCases@223aa2f7]" started-at="2023-06-18T10:48:34 IST" name="quitBrowser" finished-at="2023-06-18T10:48:34 IST" duration-ms="323" status="PASS">
          <reporter-output>
          </reporter-output>
        </test-method> <!-- quitBrowser -->
        <test-method signature="verifyLanguageLearning(java.util.Hashtable)[pri:2, instance:testCases.AllTestCases@223aa2f7]" started-at="2023-06-18T10:48:34 IST" name="verifyLanguageLearning" data-provider="getLanguageLearningData" finished-at="2023-06-18T10:48:54 IST" duration-ms="19996" status="PASS">
          <params>
            <param index="0">
              <value>
                <![CDATA[{searchQuery=Language Learning, level=Mixed}]]>
              </value>
            </param>
          </params>
          <reporter-output>
          </reporter-output>
        </test-method> <!-- verifyLanguageLearning -->
        <test-method is-config="true" signature="quitBrowser()[pri:0, instance:testCases.AllTestCases@223aa2f7]" started-at="2023-06-18T10:48:54 IST" name="quitBrowser" finished-at="2023-06-18T10:48:54 IST" duration-ms="248" status="PASS">
          <reporter-output>
          </reporter-output>
        </test-method> <!-- quitBrowser -->
        <test-method is-config="true" signature="flushReport()[pri:0, instance:testCases.AllTestCases@223aa2f7]" started-at="2023-06-18T10:48:54 IST" name="flushReport" finished-at="2023-06-18T10:48:55 IST" duration-ms="368" status="PASS">
          <reporter-output>
          </reporter-output>
        </test-method> <!-- flushReport -->
      </class> <!-- testCases.AllTestCases -->
    </test> <!-- Default test -->
  </suite> <!-- Default suite -->
</testng-results>
